Added Component: Designator=LCD1(LCD16X2)
Added Component: Designator=LED1(LED-5)
Added Component: Designator=P1(HDR1X2)
Added Component: Designator=P2(HDR1X3)
Added Component: Designator=P3(HDR1X3)
Added Component: Designator=P4(HDR1X3)
Added Component: Designator=P5(HDR1X3)
Added Component: Designator=P6(HDR1X3)
Added Component: Designator=P7(HDR1X3)
Added Component: Designator=P8(HDR1X3)
Added Component: Designator=P9(HDR1X3)
Added Component: Designator=P10(HDR1X2)
Added Component: Designator=P11(HDR1X8)
Added Component: Designator=P12(HDR1X3)
Added Component: Designator=P13(HDR1X3)
Added Component: Designator=R1(R1/4W)
Added Component: Designator=R2(R1/4W)
Added Component: Designator=R3(R1/4W)
Added Component: Designator=R4(R1/4W)
Added Component: Designator=SW1(SW2)
Added Component: Designator=SW2(SW2)
Added Component: Designator=SW3(SW2)
Added Component: Designator=U1(STM32L103C8_mini)
Added Component: Designator=VR1(VR)
Added Pin To Net: NetName=NetLCD1_1 Pin=LCD1-1
Added Pin To Net: NetName=NetLCD1_1 Pin=LCD1-16
Added Pin To Net: NetName=NetLCD1_1 Pin=P1-2
Added Pin To Net: NetName=NetLCD1_1 Pin=P2-1
Added Pin To Net: NetName=NetLCD1_1 Pin=P3-1
Added Pin To Net: NetName=NetLCD1_1 Pin=VR1-3
Added Net: Name=NetLCD1_1
Added Pin To Net: NetName=NetLCD1_2 Pin=LCD1-2
Added Pin To Net: NetName=NetLCD1_2 Pin=LCD1-15
Added Pin To Net: NetName=NetLCD1_2 Pin=P1-1
Added Pin To Net: NetName=NetLCD1_2 Pin=P2-2
Added Pin To Net: NetName=NetLCD1_2 Pin=P3-2
Added Pin To Net: NetName=NetLCD1_2 Pin=VR1-1
Added Net: Name=NetLCD1_2
Added Pin To Net: NetName=NetLCD1_3 Pin=LCD1-3
Added Pin To Net: NetName=NetLCD1_3 Pin=VR1-2
Added Net: Name=NetLCD1_3
Added Pin To Net: NetName=NetLCD1_4 Pin=LCD1-4
Added Pin To Net: NetName=NetLCD1_4 Pin=U1-9
Added Net: Name=NetLCD1_4
Added Pin To Net: NetName=NetLCD1_5 Pin=LCD1-5
Added Pin To Net: NetName=NetLCD1_5 Pin=U1-8
Added Net: Name=NetLCD1_5
Added Pin To Net: NetName=NetLCD1_6 Pin=LCD1-6
Added Pin To Net: NetName=NetLCD1_6 Pin=U1-7
Added Net: Name=NetLCD1_6
Added Pin To Net: NetName=NetLCD1_11 Pin=LCD1-11
Added Pin To Net: NetName=NetLCD1_11 Pin=U1-4
Added Net: Name=NetLCD1_11
Added Pin To Net: NetName=NetLCD1_12 Pin=LCD1-12
Added Pin To Net: NetName=NetLCD1_12 Pin=U1-3
Added Net: Name=NetLCD1_12
Added Pin To Net: NetName=NetLCD1_13 Pin=LCD1-13
Added Pin To Net: NetName=NetLCD1_13 Pin=U1-2
Added Net: Name=NetLCD1_13
Added Pin To Net: NetName=NetLCD1_14 Pin=LCD1-14
Added Pin To Net: NetName=NetLCD1_14 Pin=U1-1
Added Net: Name=NetLCD1_14
Added Pin To Net: NetName=NetLED1_1 Pin=LED1-1
Added Pin To Net: NetName=NetLED1_1 Pin=R4-2
Added Net: Name=NetLED1_1
Added Pin To Net: NetName=NetP2_3 Pin=P2-3
Added Pin To Net: NetName=NetP2_3 Pin=U1-6
Added Net: Name=NetP2_3
Added Pin To Net: NetName=NetP3_3 Pin=P3-3
Added Pin To Net: NetName=NetP3_3 Pin=U1-5
Added Net: Name=NetP3_3
Added Pin To Net: NetName=NetP4_1 Pin=P4-1
Added Pin To Net: NetName=NetP4_1 Pin=P5-1
Added Pin To Net: NetName=NetP4_1 Pin=P6-1
Added Pin To Net: NetName=NetP4_1 Pin=P7-1
Added Pin To Net: NetName=NetP4_1 Pin=P8-1
Added Pin To Net: NetName=NetP4_1 Pin=P9-1
Added Pin To Net: NetName=NetP4_1 Pin=R1-1
Added Pin To Net: NetName=NetP4_1 Pin=R2-1
Added Pin To Net: NetName=NetP4_1 Pin=R3-1
Added Pin To Net: NetName=NetP4_1 Pin=U1-20
Added Net: Name=NetP4_1
Added Pin To Net: NetName=NetP4_2 Pin=P4-2
Added Pin To Net: NetName=NetP4_2 Pin=P5-2
Added Pin To Net: NetName=NetP4_2 Pin=P6-2
Added Pin To Net: NetName=NetP4_2 Pin=P7-2
Added Pin To Net: NetName=NetP4_2 Pin=P8-2
Added Pin To Net: NetName=NetP4_2 Pin=P9-2
Added Pin To Net: NetName=NetP4_2 Pin=P10-1
Added Pin To Net: NetName=NetP4_2 Pin=SW1-2
Added Pin To Net: NetName=NetP4_2 Pin=SW2-2
Added Pin To Net: NetName=NetP4_2 Pin=SW3-2
Added Pin To Net: NetName=NetP4_2 Pin=U1-19
Added Net: Name=NetP4_2
Added Pin To Net: NetName=NetP4_3 Pin=P4-3
Added Pin To Net: NetName=NetP4_3 Pin=U1-16
Added Net: Name=NetP4_3
Added Pin To Net: NetName=NetP5_3 Pin=P5-3
Added Pin To Net: NetName=NetP5_3 Pin=U1-15
Added Net: Name=NetP5_3
Added Pin To Net: NetName=NetP6_3 Pin=P6-3
Added Pin To Net: NetName=NetP6_3 Pin=U1-14
Added Net: Name=NetP6_3
Added Pin To Net: NetName=NetP7_3 Pin=P7-3
Added Pin To Net: NetName=NetP7_3 Pin=U1-13
Added Net: Name=NetP7_3
Added Pin To Net: NetName=NetP8_3 Pin=P8-3
Added Pin To Net: NetName=NetP8_3 Pin=U1-12
Added Net: Name=NetP8_3
Added Pin To Net: NetName=NetP9_3 Pin=P9-3
Added Pin To Net: NetName=NetP9_3 Pin=U1-11
Added Net: Name=NetP9_3
Added Pin To Net: NetName=NetP10_2 Pin=P10-2
Added Pin To Net: NetName=NetP10_2 Pin=U1-17
Added Net: Name=NetP10_2
Added Pin To Net: NetName=NetP11_1 Pin=P11-1
Added Pin To Net: NetName=NetP11_1 Pin=P11-2
Added Pin To Net: NetName=NetP11_1 Pin=U1-38
Added Net: Name=NetP11_1
Added Pin To Net: NetName=NetP11_3 Pin=P11-3
Added Pin To Net: NetName=NetP11_3 Pin=U1-39
Added Net: Name=NetP11_3
Added Pin To Net: NetName=NetP11_5 Pin=P11-5
Added Pin To Net: NetName=NetP11_5 Pin=U1-31
Added Net: Name=NetP11_5
Added Pin To Net: NetName=NetP11_6 Pin=P11-6
Added Pin To Net: NetName=NetP11_6 Pin=U1-32
Added Net: Name=NetP11_6
Added Pin To Net: NetName=NetP11_7 Pin=P11-7
Added Pin To Net: NetName=NetP11_7 Pin=U1-30
Added Net: Name=NetP11_7
Added Pin To Net: NetName=NetP11_8 Pin=P11-8
Added Pin To Net: NetName=NetP11_8 Pin=U1-29
Added Net: Name=NetP11_8
Added Pin To Net: NetName=NetP12_1 Pin=P12-1
Added Pin To Net: NetName=NetP12_1 Pin=P13-1
Added Net: Name=NetP12_1
Added Pin To Net: NetName=NetP12_2 Pin=P12-2
Added Pin To Net: NetName=NetP12_2 Pin=P13-2
Added Net: Name=NetP12_2
Added Pin To Net: NetName=NetP12_3 Pin=P12-3
Added Pin To Net: NetName=NetP12_3 Pin=U1-26
Added Net: Name=NetP12_3
Added Pin To Net: NetName=NetP13_3 Pin=P13-3
Added Pin To Net: NetName=NetP13_3 Pin=U1-25
Added Net: Name=NetP13_3
Added Pin To Net: NetName=NetR1_2 Pin=R1-2
Added Pin To Net: NetName=NetR1_2 Pin=SW1-1
Added Pin To Net: NetName=NetR1_2 Pin=U1-23
Added Net: Name=NetR1_2
Added Pin To Net: NetName=NetR2_2 Pin=R2-2
Added Pin To Net: NetName=NetR2_2 Pin=SW2-1
Added Pin To Net: NetName=NetR2_2 Pin=U1-24
Added Net: Name=NetR2_2
Added Pin To Net: NetName=NetR3_2 Pin=R3-2
Added Pin To Net: NetName=NetR3_2 Pin=SW3-1
Added Pin To Net: NetName=NetR3_2 Pin=U1-27
Added Net: Name=NetR3_2
Added Pin To Net: NetName=NetR4_1 Pin=R4-1
Added Pin To Net: NetName=NetR4_1 Pin=U1-28
Added Net: Name=NetR4_1
Added Class: Name=nguyenly
Added Room: Name=nguyenly
